
==============================================

!Fri Apr 18 22:47:12 BRT 2025

Processing file ApiSGTV1.
Application file ApiSGTV1.appzip successfully added to the BAR.
Application compiled contents:
    
    Processing file ApiSGTV1\br\org\fiep\esb\appsgt\processarContratoAsync_preparaProcessamento.esql.
    Successfully added file ApiSGTV1\br\org\fiep\esb\appsgt\processarContratoAsync_preparaProcessamento.esql to BAR file.
    
    
    Processing file ApiSGTV1\product.asmx.wsdl.
    Successfully added file ApiSGTV1\product.asmx.wsdl to BAR file.
    
    
    Processing file ApiSGTV1\obterClienteSGT.subflow.
    Successfully added file ApiSGTV1\obterClienteSGT.subflow to BAR file.
    
    
    Processing file ApiSGTV1\br\org\fiep\esb\appsgt\processarProdutoAsync.msgflow.
    Successfully added file ApiSGTV1\br\org\fiep\esb\appsgt\processarProdutoAsync.msgflow to BAR file.
    
    
    Processing file ApiSGTV1\atualizarProdutoSGT_requestProduto.esql.
    Successfully added file ApiSGTV1\atualizarProdutoSGT_requestProduto.esql to BAR file.
    
    
    Processing file ApiSGTV1\criarClienteSGT_preparaResponse.esql.
    Successfully added file ApiSGTV1\criarClienteSGT_preparaResponse.esql to BAR file.
    
    
    Processing file ApiSGTV1\criarPropostaSGT.subflow.
    Successfully added file ApiSGTV1\criarPropostaSGT.subflow to BAR file.
    
    
    Processing file ApiSGTV1\processarFilaCRMPost_configurarStatus.esql.
    Successfully added file ApiSGTV1\processarFilaCRMPost_configurarStatus.esql to BAR file.
    
    
    Processing file ApiSGTV1\criarClienteSGT.subflow.
    Successfully added file ApiSGTV1\criarClienteSGT.subflow to BAR file.
    
    
    Processing file ApiSGTV1\build-dev.xml.
    Successfully added file ApiSGTV1\build-dev.xml to BAR file.
    
    
    Processing file ApiSGTV1\criarPropostaSGT_preparaResponse.esql.
    Successfully added file ApiSGTV1\criarPropostaSGT_preparaResponse.esql to BAR file.
    
    
    Processing file ApiSGTV1\account.asmx_InlineSchema4.xsd.
    Successfully added file ApiSGTV1\account.asmx_InlineSchema4.xsd to BAR file.
    
    
    Processing file ApiSGTV1\br\org\fiep\esb\appsgt\processarContratoAsync_delay.esql.
    Successfully added file ApiSGTV1\br\org\fiep\esb\appsgt\processarContratoAsync_delay.esql to BAR file.
    
    
    Processing file ApiSGTV1\obterPropostaSGT.subflow.
    Successfully added file ApiSGTV1\obterPropostaSGT.subflow to BAR file.
    
    
    Processing file ApiSGTV1\build-certsys.xml.
    Successfully added file ApiSGTV1\build-certsys.xml to BAR file.
    
    
    Processing file ApiSGTV1\contract.asmx_InlineSchema2.xsd.
    Successfully added file ApiSGTV1\contract.asmx_InlineSchema2.xsd to BAR file.
    
    
    Processing file ApiSGTV1\build-prd.xml.
    Successfully added file ApiSGTV1\build-prd.xml to BAR file.
    
    
    Processing file ApiSGTV1\IBMdefined\soap.xsd.
    Successfully added file ApiSGTV1\IBMdefined\soap.xsd to BAR file.
    
    
    Processing file ApiSGTV1\obterProdutosRegionaisSGT.subflow.
    Successfully added file ApiSGTV1\obterProdutosRegionaisSGT.subflow to BAR file.
    
    
    Processing file ApiSGTV1\atualizarEnderecoClienteSGT_preparaResponse.esql.
    Successfully added file ApiSGTV1\atualizarEnderecoClienteSGT_preparaResponse.esql to BAR file.
    
    
    Processing file ApiSGTV1\obterListaFilaIntegracaoCRM.subflow.
    Successfully added file ApiSGTV1\obterListaFilaIntegracaoCRM.subflow to BAR file.
    
    
    Processing file ApiSGTV1\criarClienteSGT_preparaRequest.esql.
    Successfully added file ApiSGTV1\criarClienteSGT_preparaRequest.esql to BAR file.
    
    
    Processing file ApiSGTV1\obterContratoCRM_validarDados.esql.
    Dependent ESQL file br/org/fiep/esb/utils/v1/TratamentoErro.esql is added to the BAR file.
    
    Dependent ESQL file obterContratoCRM_preparaRequest.esql is added to the BAR file.
    
    Successfully added file ApiSGTV1\obterContratoCRM_validarDados.esql to BAR file.
    
    
    Processing file ApiSGTV1\restapi.descriptor.
    Successfully added file ApiSGTV1\restapi.descriptor to BAR file.
    Elapsed time: 0 second(s).
    
    Successfully added file ApiSGTV1\restapi.descriptor to BAR file.
    
    
    Processing file ApiSGTV1\criarProdutoSGT_prepararRequest.esql.
    Successfully added file ApiSGTV1\criarProdutoSGT_prepararRequest.esql to BAR file.
    
    
    Processing file ApiSGTV1\obterContaCRM_validarDados.esql.
    Dependent ESQL file obterContaCRM_preparaRequest.esql is added to the BAR file.
    
    Dependent ESQL file br/org/fiep/esb/utils/v1/TratamentoErro.esql is added to the BAR file.
    
    Dependent ESQL file processarFilaCRMPost_preparaMsgOut.esql is added to the BAR file.
    
    Successfully added file ApiSGTV1\obterContaCRM_validarDados.esql to BAR file.
    
    
    Processing file ApiSGTV1\registrarHistoricos_registarHistorico.esql.
    Dependent ESQL file procs/PROCEDURES.esql is added to the BAR file.
    
    Successfully added file ApiSGTV1\registrarHistoricos_registarHistorico.esql to BAR file.
    
    
    Processing file ApiSGTV1\registrarErrosProduto_registrarErro.esql.
    Dependent ESQL file br/org/fiep/esb/utils/v1/TratamentoErro.esql is added to the BAR file.
    
    Dependent ESQL file procs/PROCEDURES.esql is added to the BAR file.
    
    Successfully added file ApiSGTV1\registrarErrosProduto_registrarErro.esql to BAR file.
    
    
    Processing file ApiSGTV1\obterContaCRM_preparaRequest.esql.
    Dependent ESQL file processarFilaCRMPost_preparaMsgIn.esql is added to the BAR file.
    
    Dependent ESQL file obterContaCRM_validarDados.esql is added to the BAR file.
    
    Successfully added file ApiSGTV1\obterContaCRM_preparaRequest.esql to BAR file.
    
    
    Processing file ApiSGTV1\removerProdutoFilaIntegracaoCRM_preparaResponse.esql.
    Dependent ESQL file procs/PROCEDURES.esql is added to the BAR file.
    
    Successfully added file ApiSGTV1\removerProdutoFilaIntegracaoCRM_preparaResponse.esql to BAR file.
    
    
    Processing file ApiSGTV1\br\org\fiep\esb\appsgt\processarContratoAsync.msgflow.
    Successfully added file ApiSGTV1\br\org\fiep\esb\appsgt\processarContratoAsync.msgflow to BAR file.
    
    
    Processing file ApiSGTV1\obterAtendimentoSGT_preparaRequest.esql.
    Successfully added file ApiSGTV1\obterAtendimentoSGT_preparaRequest.esql to BAR file.
    
    
    Processing file ApiSGTV1\obterProdutoRegionaisSGT_preparaResponse.esql.
    Successfully added file ApiSGTV1\obterProdutoRegionaisSGT_preparaResponse.esql to BAR file.
    
    
    Processing file ApiSGTV1\criarAtendimentoSGT_preparaRequest.esql.
    Successfully added file ApiSGTV1\criarAtendimentoSGT_preparaRequest.esql to BAR file.
    
    
    Processing file ApiSGTV1\obterAtendimentoSGT_preparaResponse.esql.
    Successfully added file ApiSGTV1\obterAtendimentoSGT_preparaResponse.esql to BAR file.
    
    
    Processing file ApiSGTV1\account.asmx_InlineSchema1.xsd.
    Successfully added file ApiSGTV1\account.asmx_InlineSchema1.xsd to BAR file.
    
    
    Processing file ApiSGTV1\processarFilaCRMPatch_preparaMsgIn.esql.
    Dependent ESQL file processarFilaCRMPost_preparaMsgIn.esql is added to the BAR file.
    
    Dependent ESQL file processarFilaCRMDelete_preparaMsgIn.esql is added to the BAR file.
    
    Dependent ESQL file obterContratoCRM_preparaRequest.esql is added to the BAR file.
    
    Dependent ESQL file processarFilaCRMPost_preparaMsgOut.esql is added to the BAR file.
    
    Successfully added file ApiSGTV1\processarFilaCRMPatch_preparaMsgIn.esql to BAR file.
    
    
    Processing file ApiSGTV1\removerItemFilaIntegracaoCRM_preparaRequest.esql.
    Dependent ESQL file processarFilaCRMPost_preparaMsgIn.esql is added to the BAR file.
    
    Dependent ESQL file processarFilaCRMPost_preparaMsgOut.esql is added to the BAR file.
    
    Dependent ESQL file obterContratoCRM_preparaRequest.esql is added to the BAR file.
    
    Successfully added file ApiSGTV1\removerItemFilaIntegracaoCRM_preparaRequest.esql to BAR file.
    
    
    Processing file ApiSGTV1\product.asmx.xsd.
    Successfully added file ApiSGTV1\product.asmx.xsd to BAR file.
    
    
    Processing file ApiSGTV1\br\org\fiep\esb\appsgt\processarContratoAsync_orquestrarValidarProposta.esql.
    Dependent ESQL file br/org/fiep/esb/utils/v1/TratamentoErro.esql is added to the BAR file.
    
    Successfully added file ApiSGTV1\br\org\fiep\esb\appsgt\processarContratoAsync_orquestrarValidarProposta.esql to BAR file.
    
    
    Processing file ApiSGTV1\registrarErros_registrarErro.esql.
    Dependent ESQL file br/org/fiep/esb/utils/v1/TratamentoErro.esql is added to the BAR file.
    
    Dependent ESQL file procs/PROCEDURES.esql is added to the BAR file.
    
    Successfully added file ApiSGTV1\registrarErros_registrarErro.esql to BAR file.
    
    
    Processing file ApiSGTV1\removerProdutoFilaIntegracaoCRM_preparaRequest.esql.
    Dependent ESQL file processarFilaCRMPost_preparaMsgIn.esql is added to the BAR file.
    
    Dependent ESQL file processarFilaCRMPost_preparaMsgOut.esql is added to the BAR file.
    
    Successfully added file ApiSGTV1\removerProdutoFilaIntegracaoCRM_preparaRequest.esql to BAR file.
    
    
    Processing file ApiSGTV1\processarFilaCRMPatch.subflow.
    Successfully added file ApiSGTV1\processarFilaCRMPatch.subflow to BAR file.
    
    
    Processing file ApiSGTV1\processarFilaCRMDelete.subflow.
    Successfully added file ApiSGTV1\processarFilaCRMDelete.subflow to BAR file.
    
    
    Processing file ApiSGTV1\obterAtendimentoSGT.subflow.
    Successfully added file ApiSGTV1\obterAtendimentoSGT.subflow to BAR file.
    
    
    Processing file ApiSGTV1\registrarEtapas_registarEtapas.esql.
    Dependent ESQL file procs/PROCEDURES.esql is added to the BAR file.
    
    Successfully added file ApiSGTV1\registrarEtapas_registarEtapas.esql to BAR file.
    
    
    Processing file ApiSGTV1\removerItemFilaIntegracaoCRM.subflow.
    Successfully added file ApiSGTV1\removerItemFilaIntegracaoCRM.subflow to BAR file.
    
    
    Processing file ApiSGTV1\removerItemFilaIntegracaoCRM_preparaResponse.esql.
    Dependent ESQL file procs/PROCEDURES.esql is added to the BAR file.
    
    Dependent ESQL file processarFilaCRMPost_preparaMsgOut.esql is added to the BAR file.
    
    Dependent ESQL file br/org/fiep/esb/utils/v1/TratamentoErro.esql is added to the BAR file.
    
    Successfully added file ApiSGTV1\removerItemFilaIntegracaoCRM_preparaResponse.esql to BAR file.
    
    
    Processing file ApiSGTV1\procs\UTIL.esql.
    Successfully added file ApiSGTV1\procs\UTIL.esql to BAR file.
    
    
    Processing file ApiSGTV1\obterEnderecoSGT.subflow.
    Successfully added file ApiSGTV1\obterEnderecoSGT.subflow to BAR file.
    
    
    Processing file ApiSGTV1\processarFilaCRMPost_preparaMsgIn.esql.
    Dependent ESQL file processarFilaCRMPost_preparaMsgOut.esql is added to the BAR file.
    
    Successfully added file ApiSGTV1\processarFilaCRMPost_preparaMsgIn.esql to BAR file.
    
    
    Processing file ApiSGTV1\product.asmx_InlineSchema1.xsd.
    Successfully added file ApiSGTV1\product.asmx_InlineSchema1.xsd to BAR file.
    
    
    Processing file ApiSGTV1\registrarErrosProduto.subflow.
    Successfully added file ApiSGTV1\registrarErrosProduto.subflow to BAR file.
    
    
    Processing file ApiSGTV1\account.asmx_InlineSchema3.xsd.
    Successfully added file ApiSGTV1\account.asmx_InlineSchema3.xsd to BAR file.
    
    
    Processing file ApiSGTV1\processarFilaCRMDelete_preparaMsgOut.esql.
    Dependent ESQL file processarFilaCRMPost_preparaMsgOut.esql is added to the BAR file.
    
    Successfully added file ApiSGTV1\processarFilaCRMDelete_preparaMsgOut.esql to BAR file.
    
    
    Processing file ApiSGTV1\atualizarStatusAtendimentoSGT.subflow.
    Successfully added file ApiSGTV1\atualizarStatusAtendimentoSGT.subflow to BAR file.
    
    
    Processing file ApiSGTV1\build-hmg.xml.
    Successfully added file ApiSGTV1\build-hmg.xml to BAR file.
    
    
    Processing file ApiSGTV1\obterProdutoCRM.subflow.
    Successfully added file ApiSGTV1\obterProdutoCRM.subflow to BAR file.
    
    
    Processing file ApiSGTV1\account.asmx.xsd.
    Successfully added file ApiSGTV1\account.asmx.xsd to BAR file.
    
    
    Processing file ApiSGTV1\atualizarProdutoSGT.subflow.
    Successfully added file ApiSGTV1\atualizarProdutoSGT.subflow to BAR file.
    
    
    Processing file ApiSGTV1\processarFilaCRMPatch_preparaMsgOut.esql.
    Dependent ESQL file procs/PROCEDURES.esql is added to the BAR file.
    
    Dependent ESQL file processarFilaCRMPost_preparaMsgOut.esql is added to the BAR file.
    
    Dependent ESQL file processarFilaCRMPost_preparaMsgIn.esql is added to the BAR file.
    
    Successfully added file ApiSGTV1\processarFilaCRMPatch_preparaMsgOut.esql to BAR file.
    
    
    Processing file ApiSGTV1\FilaIntegracao.asmx.wsdl.
    Successfully added file ApiSGTV1\FilaIntegracao.asmx.wsdl to BAR file.
    
    
    Processing file ApiSGTV1\obterProdutosRegionaisSGT_preparaResponse.esql.
    Successfully added file ApiSGTV1\obterProdutosRegionaisSGT_preparaResponse.esql to BAR file.
    
    
    Processing file ApiSGTV1\atualizarEnderecoClienteSGT.subflow.
    Successfully added file ApiSGTV1\atualizarEnderecoClienteSGT.subflow to BAR file.
    
    
    Processing file ApiSGTV1\obterContratoCRM.subflow.
    Successfully added file ApiSGTV1\obterContratoCRM.subflow to BAR file.
    
    
    Processing file ApiSGTV1\atulizarStatusAtendimentoSGT_preparaResponse.esql.
    Successfully added file ApiSGTV1\atulizarStatusAtendimentoSGT_preparaResponse.esql to BAR file.
    
    
    Processing file ApiSGTV1\criarAtendimentoSGT_preparaResponse.esql.
    Successfully added file ApiSGTV1\criarAtendimentoSGT_preparaResponse.esql to BAR file.
    
    
    Processing file ApiSGTV1\removerProdutoFilaIntegracaoCRM.subflow.
    Successfully added file ApiSGTV1\removerProdutoFilaIntegracaoCRM.subflow to BAR file.
    
    
    Processing file ApiSGTV1\atulizarStatusAtendimentoSGT_preparaRequest.esql.
    Successfully added file ApiSGTV1\atulizarStatusAtendimentoSGT_preparaRequest.esql to BAR file.
    
    
    Processing file ApiSGTV1\contract.asmx_InlineSchema1.xsd.
    Successfully added file ApiSGTV1\contract.asmx_InlineSchema1.xsd to BAR file.
    
    
    Processing file ApiSGTV1\processarFilaCRMPost_preparaMsgOut.esql.
    Dependent ESQL file procs/PROCEDURES.esql is added to the BAR file.
    
    Dependent ESQL file processarFilaCRMPost_preparaMsgIn.esql is added to the BAR file.
    
    Successfully added file ApiSGTV1\processarFilaCRMPost_preparaMsgOut.esql to BAR file.
    
    
    Processing file ApiSGTV1\processarProduto_registarEtapas.esql.
    Dependent ESQL file procs/PROCEDURES.esql is added to the BAR file.
    
    Successfully added file ApiSGTV1\processarProduto_registarEtapas.esql to BAR file.
    
    
    Processing file ApiSGTV1\procs\PROCEDURES.esql.
    Successfully added file ApiSGTV1\procs\PROCEDURES.esql to BAR file.
    
    
    Processing file ApiSGTV1\FilaIntegracao.asmx.xsd.
    Successfully added file ApiSGTV1\FilaIntegracao.asmx.xsd to BAR file.
    
    
    Processing file ApiSGTV1\SGTIntegracoes.json.
    Successfully added file ApiSGTV1\SGTIntegracoes.json to BAR file.
    Elapsed time: 0,001 second(s).
    
    Successfully added file ApiSGTV1\SGTIntegracoes.json to BAR file.
    
    
    Processing file ApiSGTV1\obterClienteSGT_preparaResponse.esql.
    Dependent ESQL file br/org/fiep/esb/utils/v1/TratamentoErro.esql is added to the BAR file.
    
    Successfully added file ApiSGTV1\obterClienteSGT_preparaResponse.esql to BAR file.
    
    
    Processing file ApiSGTV1\criarAtendimentoSGT.subflow.
    Successfully added file ApiSGTV1\criarAtendimentoSGT.subflow to BAR file.
    
    
    Processing file ApiSGTV1\criarProdutoSGT_prepararRetorno.esql.
    Successfully added file ApiSGTV1\criarProdutoSGT_prepararRetorno.esql to BAR file.
    
    
    Processing file ApiSGTV1\FilaIntegracao.asmx_InlineSchema1.xsd.
    Successfully added file ApiSGTV1\FilaIntegracao.asmx_InlineSchema1.xsd to BAR file.
    
    
    Processing file ApiSGTV1\gen\ApiSGTV1.msgflow.
    Successfully added file ApiSGTV1\gen\ApiSGTV1.msgflow to BAR file.
    
    
    Processing file ApiSGTV1\br\org\fiep\esb\appsgt\processarContratoAsync_orquestarValidarCliente.esql.
    Dependent ESQL file br/org/fiep/esb/utils/v1/TratamentoErro.esql is added to the BAR file.
    
    Successfully added file ApiSGTV1\br\org\fiep\esb\appsgt\processarContratoAsync_orquestarValidarCliente.esql to BAR file.
    
    
    Processing file ApiSGTV1\account.asmx.wsdl.
    Successfully added file ApiSGTV1\account.asmx.wsdl to BAR file.
    
    
    Processing file ApiSGTV1\obterClienteSGT_preparaRequest.esql.
    Successfully added file ApiSGTV1\obterClienteSGT_preparaRequest.esql to BAR file.
    
    
    Processing file ApiSGTV1\registrarErros.subflow.
    Successfully added file ApiSGTV1\registrarErros.subflow to BAR file.
    
    
    Processing file ApiSGTV1\obterProdutoRegionaisSGT_preparaRequest.esql.
    Successfully added file ApiSGTV1\obterProdutoRegionaisSGT_preparaRequest.esql to BAR file.
    
    
    Processing file ApiSGTV1\contract.asmx_InlineSchema3.xsd.
    Successfully added file ApiSGTV1\contract.asmx_InlineSchema3.xsd to BAR file.
    
    
    Processing file ApiSGTV1\obterProdutoRegionaisSGT.subflow.
    Successfully added file ApiSGTV1\obterProdutoRegionaisSGT.subflow to BAR file.
    
    
    Processing file ApiSGTV1\IBMdefined\org\w3\www\_2003\_05\soapenvelope\soapenv12.xsd.
    Successfully added file ApiSGTV1\IBMdefined\org\w3\www\_2003\_05\soapenvelope\soapenv12.xsd to BAR file.
    
    
    Processing file ApiSGTV1\criarPropostaSGT_preparaRequest.esql.
    Successfully added file ApiSGTV1\criarPropostaSGT_preparaRequest.esql to BAR file.
    
    
    Processing file ApiSGTV1\IBMdefined\org\w3\www\xml\_1998\namespace\xml.xsd.
    Successfully added file ApiSGTV1\IBMdefined\org\w3\www\xml\_1998\namespace\xml.xsd to BAR file.
    
    
    Processing file ApiSGTV1\criarEnderecoClienteSGT.subflow.
    Successfully added file ApiSGTV1\criarEnderecoClienteSGT.subflow to BAR file.
    
    
    Processing file ApiSGTV1\criarEnderecoClienteSGT_preparaResponse.esql.
    Successfully added file ApiSGTV1\criarEnderecoClienteSGT_preparaResponse.esql to BAR file.
    
    
    Processing file ApiSGTV1\obterContratoCRM_preparaRequest.esql.
    Dependent ESQL file processarFilaCRMPost_preparaMsgIn.esql is added to the BAR file.
    
    Successfully added file ApiSGTV1\obterContratoCRM_preparaRequest.esql to BAR file.
    
    
    Processing file ApiSGTV1\br\org\fiep\esb\appsgt\processarProdutoAsync_Compute.esql.
    Successfully added file ApiSGTV1\br\org\fiep\esb\appsgt\processarProdutoAsync_Compute.esql to BAR file.
    
    
    Processing file ApiSGTV1\contract.asmx.xsd.
    Successfully added file ApiSGTV1\contract.asmx.xsd to BAR file.
    
    
    Processing file ApiSGTV1\obterPropostaSGT_preparaRequest.esql.
    Successfully added file ApiSGTV1\obterPropostaSGT_preparaRequest.esql to BAR file.
    
    
    Processing file ApiSGTV1\atualizarProdutoSGT_responseProduto.esql.
    Successfully added file ApiSGTV1\atualizarProdutoSGT_responseProduto.esql to BAR file.
    
    
    Processing file ApiSGTV1\contract.asmx.wsdl.
    Successfully added file ApiSGTV1\contract.asmx.wsdl to BAR file.
    
    
    Processing file ApiSGTV1\obterProdutosRegionaisSGT_preparaRequest.esql.
    Dependent ESQL file obterProdutoRegionaisSGT_preparaRequest.esql is added to the BAR file.
    
    Successfully added file ApiSGTV1\obterProdutosRegionaisSGT_preparaRequest.esql to BAR file.
    
    
    Processing file ApiSGTV1\obterPropostaSGT_preparaResponse.esql.
    Successfully added file ApiSGTV1\obterPropostaSGT_preparaResponse.esql to BAR file.
    
    
    Processing file ApiSGTV1\atualizarEnderecoClienteSGT_preparaRequest.esql.
    Successfully added file ApiSGTV1\atualizarEnderecoClienteSGT_preparaRequest.esql to BAR file.
    
    
    Processing file ApiSGTV1\criarEnderecoClienteSGT_preparaRequest.esql.
    Successfully added file ApiSGTV1\criarEnderecoClienteSGT_preparaRequest.esql to BAR file.
    
    
    Processing file ApiSGTV1\IBMdefined\org\xmlsoap\schemas\soap\envelope\soapenv11.xsd.
    Successfully added file ApiSGTV1\IBMdefined\org\xmlsoap\schemas\soap\envelope\soapenv11.xsd to BAR file.
    
    
    Processing file ApiSGTV1\obterProdutoCRM_prepararResponse.esql.
    Dependent ESQL file br/org/fiep/esb/utils/v1/TratamentoErro.esql is added to the BAR file.
    
    Dependent ESQL file processarFilaCRMPost_preparaMsgIn.esql is added to the BAR file.
    
    Dependent ESQL file obterProdutoCRM_prepararRequest.esql is added to the BAR file.
    
    Successfully added file ApiSGTV1\obterProdutoCRM_prepararResponse.esql to BAR file.
    
    
    Processing file ApiSGTV1\obterListaFilaIntegracaoCRM_preparaRequest.esql.
    Successfully added file ApiSGTV1\obterListaFilaIntegracaoCRM_preparaRequest.esql to BAR file.
    
    
    Processing file ApiSGTV1\processarFilaCRMDelete_preparaMsgIn.esql.
    Dependent ESQL file procs/PROCEDURES.esql is added to the BAR file.
    
    Dependent ESQL file processarFilaCRMPost_preparaMsgIn.esql is added to the BAR file.
    
    Dependent ESQL file obterContratoCRM_preparaRequest.esql is added to the BAR file.
    
    Dependent ESQL file processarFilaCRMPost_preparaMsgOut.esql is added to the BAR file.
    
    Successfully added file ApiSGTV1\processarFilaCRMDelete_preparaMsgIn.esql to BAR file.
    
    
    Processing file ApiSGTV1\swagger.json.
    Successfully added file ApiSGTV1\swagger.json to BAR file.
    Elapsed time: 0 second(s).
    
    Successfully added file ApiSGTV1\swagger.json to BAR file.
    
    
    Processing file ApiSGTV1\criarProdutoSGT.subflow.
    Successfully added file ApiSGTV1\criarProdutoSGT.subflow to BAR file.
    
    
    Processing file ApiSGTV1\obterContaCRM.subflow.
    Successfully added file ApiSGTV1\obterContaCRM.subflow to BAR file.
    
    
    Processing file ApiSGTV1\account.asmx_InlineSchema2.xsd.
    Successfully added file ApiSGTV1\account.asmx_InlineSchema2.xsd to BAR file.
    
    
    Processing file ApiSGTV1\br\org\fiep\esb\appsgt\processarContratoAsync_orquestradorAtendimento.esql.
    Dependent ESQL file procs/UTIL.esql is added to the BAR file.
    
    Successfully added file ApiSGTV1\br\org\fiep\esb\appsgt\processarContratoAsync_orquestradorAtendimento.esql to BAR file.
    
    
    Processing file ApiSGTV1\obterProdutoCRM_prepararRequest.esql.
    Dependent ESQL file processarFilaCRMPost_preparaMsgIn.esql is added to the BAR file.
    
    Dependent ESQL file obterProdutoCRM_prepararResponse.esql is added to the BAR file.
    
    Successfully added file ApiSGTV1\obterProdutoCRM_prepararRequest.esql to BAR file.
    
    
    Processing file ApiSGTV1\processarFilaCRMPost.subflow.
    Successfully added file ApiSGTV1\processarFilaCRMPost.subflow to BAR file.
    

Elapsed time: 3,537 second(s).
